INFO 2019-12-21 09:08:16,553 basehttp 124 "GET /index/ HTTP/1.1" 200 4424
INFO 2019-12-21 09:08:16,606 basehttp 124 "GET /static/assets/images/icon.png HTTP/1.1" 200 7011
INFO 2019-12-21 09:08:16,610 basehttp 124 "GET /static/assets/css/page/index.css HTTP/1.1" 200 17134
INFO 2019-12-21 09:08:16,614 basehttp 124 "GET /static/assets/javascript/common/header.js HTTP/1.1" 200 2668
INFO 2019-12-21 09:08:16,615 basehttp 124 "GET /static/assets/javascript/common/base.js HTTP/1.1" 200 2125
INFO 2019-12-21 09:08:16,621 basehttp 124 "GET /static/assets/javascript/libs/jquery-1.9.1.js HTTP/1.1" 200 128159
INFO 2019-12-21 09:08:16,635 basehttp 124 "GET /static/assets/javascript/page/index.js HTTP/1.1" 200 3032
INFO 2019-12-21 09:08:16,706 basehttp 124 "GET /static/assets/images/banner.png HTTP/1.1" 200 2295905
INFO 2019-12-21 09:08:16,814 basehttp 124 "GET /static/assets/images/icon/loveFamily.ico HTTP/1.1" 200 1150
INFO 2019-12-21 09:09:34,284 basehttp 124 "GET /index/ HTTP/1.1" 200 4424
INFO 2019-12-21 09:09:34,318 basehttp 124 "GET /static/assets/css/page/index.css HTTP/1.1" 200 17134
INFO 2019-12-21 09:09:34,322 basehttp 124 "GET /static/assets/images/icon.png HTTP/1.1" 200 7011
INFO 2019-12-21 09:09:34,328 basehttp 124 "GET /static/assets/javascript/common/header.js HTTP/1.1" 200 2668
INFO 2019-12-21 09:09:34,329 basehttp 124 "GET /static/assets/javascript/common/base.js HTTP/1.1" 200 2125
INFO 2019-12-21 09:09:34,341 basehttp 124 "GET /static/assets/javascript/libs/jquery-1.9.1.js HTTP/1.1" 200 128159
INFO 2019-12-21 09:09:34,348 basehttp 124 "GET /static/assets/javascript/page/index.js HTTP/1.1" 200 3032
INFO 2019-12-21 09:09:34,360 basehttp 124 "GET /media/3.jpg HTTP/1.1" 200 10435
INFO 2019-12-21 09:09:34,362 basehttp 124 "GET /media/1.jpg HTTP/1.1" 200 11259
INFO 2019-12-21 09:09:34,499 basehttp 124 "GET /static/assets/images/banner.png HTTP/1.1" 200 2295905
INFO 2019-12-21 09:09:34,518 basehttp 124 "GET /static/assets/images/icon/loveFamily.ico HTTP/1.1" 200 1150
INFO 2019-12-21 09:10:24,752 basehttp 124 "GET /index/ HTTP/1.1" 200 4424
INFO 2019-12-21 09:10:24,782 basehttp 124 "GET /static/assets/images/icon.png HTTP/1.1" 200 7011
INFO 2019-12-21 09:10:24,787 basehttp 124 "GET /static/assets/css/page/index.css HTTP/1.1" 200 17134
INFO 2019-12-21 09:10:24,792 basehttp 124 "GET /static/assets/javascript/common/base.js HTTP/1.1" 200 2125
INFO 2019-12-21 09:10:24,794 basehttp 124 "GET /static/assets/javascript/common/header.js HTTP/1.1" 200 2668
INFO 2019-12-21 09:10:24,804 basehttp 124 "GET /static/assets/javascript/libs/jquery-1.9.1.js HTTP/1.1" 200 128159
INFO 2019-12-21 09:10:24,810 basehttp 124 "GET /static/assets/javascript/page/index.js HTTP/1.1" 200 3032
INFO 2019-12-21 09:10:24,866 basehttp 124 "GET /media/3.jpg HTTP/1.1" 200 10435
INFO 2019-12-21 09:10:24,867 basehttp 124 "GET /media/1.jpg HTTP/1.1" 200 11259
INFO 2019-12-21 09:10:24,910 basehttp 124 "GET /static/assets/images/banner.png HTTP/1.1" 200 2295905
INFO 2019-12-21 09:10:24,932 basehttp 124 "GET /static/assets/images/icon/loveFamily.ico HTTP/1.1" 200 1150
INFO 2019-12-21 09:10:30,901 basehttp 124 "POST /api/account/login/ HTTP/1.1" 200 43
INFO 2019-12-21 09:10:33,346 basehttp 124 "POST /api/account/login/ HTTP/1.1" 200 43
INFO 2019-12-21 09:10:34,050 basehttp 124 "POST /api/account/login/ HTTP/1.1" 200 43
INFO 2019-12-21 09:10:34,596 basehttp 124 "POST /api/account/login/ HTTP/1.1" 200 43
INFO 2019-12-21 09:10:48,734 basehttp 124 "GET /index/ HTTP/1.1" 200 4424
INFO 2019-12-21 09:10:48,777 basehttp 124 "GET /static/assets/css/page/index.css HTTP/1.1" 304 0
INFO 2019-12-21 09:10:48,783 basehttp 124 "GET /static/assets/javascript/common/header.js HTTP/1.1" 304 0
INFO 2019-12-21 09:10:48,783 basehttp 124 "GET /static/assets/javascript/common/base.js HTTP/1.1" 304 0
INFO 2019-12-21 09:10:48,797 basehttp 124 "GET /static/assets/javascript/page/index.js HTTP/1.1" 304 0
INFO 2019-12-21 09:10:54,774 basehttp 124 "POST /api/account/login/ HTTP/1.1" 200 43
INFO 2019-12-21 09:10:54,820 basehttp 124 "GET /index/ HTTP/1.1" 200 4714
INFO 2019-12-21 09:11:03,256 basehttp 124 "GET /api/goods/hot/?current=2 HTTP/1.1" 200 617
INFO 2019-12-21 09:11:03,698 basehttp 124 "GET /api/goods/hot/?current=3 HTTP/1.1" 200 627
INFO 2019-12-21 09:11:05,197 basehttp 124 "GET /api/goods/hot/?current=4 HTTP/1.1" 200 629
INFO 2019-12-21 09:11:05,212 basehttp 124 "GET /media/2.jpg HTTP/1.1" 304 0
INFO 2019-12-21 09:11:06,472 basehttp 124 "POST /api/carts/ HTTP/1.1" 200 76
INFO 2019-12-21 09:11:06,484 basehttp 124 "GET /static/assets/images/popBg.png HTTP/1.1" 304 0
INFO 2019-12-21 09:11:12,567 basehttp 124 "GET /carts/ HTTP/1.1" 200 5909
INFO 2019-12-21 09:11:12,601 basehttp 124 "GET /static/assets/javascript/page/myCart.js HTTP/1.1" 304 0
INFO 2019-12-21 09:11:12,704 basehttp 124 "GET /static/assets/css/common/base.less HTTP/1.1" 304 0
INFO 2019-12-21 09:11:12,734 basehttp 124 "GET /static/assets/css/common/header.less HTTP/1.1" 304 0
INFO 2019-12-21 09:11:17,562 basehttp 124 "GET /api/account/logout/ HTTP/1.1" 200 95
INFO 2019-12-21 09:11:17,617 basehttp 124 "GET /index/ HTTP/1.1" 200 4424
INFO 2019-12-21 09:11:18,633 basehttp 124 "GET /account/signup/ HTTP/1.1" 200 4894
INFO 2019-12-21 09:11:18,675 basehttp 124 "GET /static/assets/javascript/page/register.js HTTP/1.1" 200 2166
INFO 2019-12-21 09:11:18,711 basehttp 124 "GET /static/assets/css/page/register.less HTTP/1.1" 304 0
INFO 2019-12-21 09:11:32,105 basehttp 124 "POST /api/account/signup/ HTTP/1.1" 200 51
INFO 2019-12-21 09:11:47,734 basehttp 124 "POST /api/account/signup/ HTTP/1.1" 200 96
INFO 2019-12-21 09:11:47,808 basehttp 124 "GET /index/ HTTP/1.1" 200 4713
INFO 2019-12-21 09:11:59,903 basehttp 124 "GET /orders/address/ HTTP/1.1" 200 59
WARNING 2019-12-21 09:11:59,961 base 152 Not Found: /favicon.ico
WARNING 2019-12-21 09:11:59,964 basehttp 124 "GET /favicon.ico HTTP/1.1" 404 6408
INFO 2019-12-21 09:12:09,806 basehttp 124 "GET /orders/address/ HTTP/1.1" 200 59
INFO 2019-12-21 09:12:39,282 basehttp 124 "GET /orders/address/ HTTP/1.1" 200 59
INFO 2019-12-21 09:15:09,609 basehttp 124 "GET /goods/2/ HTTP/1.1" 200 4790
INFO 2019-12-21 09:15:09,644 basehttp 124 "GET /static/assets/css/page/detail.css HTTP/1.1" 304 0
INFO 2019-12-21 09:15:09,646 basehttp 124 "GET /static/assets/javascript/page/detail.js HTTP/1.1" 200 2502
INFO 2019-12-21 09:15:13,622 basehttp 124 "GET /orders/address/ HTTP/1.1" 200 59
INFO 2019-12-21 09:15:38,816 basehttp 124 "POST /api/carts/ HTTP/1.1" 200 76
INFO 2019-12-21 09:16:18,802 basehttp 124 "GET /index/ HTTP/1.1" 200 4713
WARNING 2019-12-21 09:19:25,955 base 152 Not Found: /media/4
WARNING 2019-12-21 09:19:25,956 basehttp 124 "GET /media/4 HTTP/1.1" 404 1758
WARNING 2019-12-21 09:19:26,018 base 152 Not Found: /media/1
WARNING 2019-12-21 09:19:26,019 basehttp 124 "GET /media/1 HTTP/1.1" 404 1758
INFO 2019-12-21 09:21:26,504 basehttp 124 "GET /index/ HTTP/1.1" 200 4713
INFO 2019-12-21 09:21:26,538 basehttp 124 "GET /static/assets/css/page/index.css HTTP/1.1" 200 17134
INFO 2019-12-21 09:21:26,542 basehttp 124 "GET /static/assets/images/icon.png HTTP/1.1" 200 7011
INFO 2019-12-21 09:21:26,552 basehttp 124 "GET /static/assets/javascript/common/base.js HTTP/1.1" 200 2125
INFO 2019-12-21 09:21:26,553 basehttp 124 "GET /static/assets/javascript/common/header.js HTTP/1.1" 200 2668
INFO 2019-12-21 09:21:26,563 basehttp 124 "GET /static/assets/javascript/libs/jquery-1.9.1.js HTTP/1.1" 200 128159
INFO 2019-12-21 09:21:26,585 basehttp 124 "GET /static/assets/javascript/page/index.js HTTP/1.1" 200 3032
INFO 2019-12-21 09:21:26,617 basehttp 124 "GET /media/1.jpg HTTP/1.1" 200 11259
INFO 2019-12-21 09:21:26,618 basehttp 124 "GET /media/3.jpg HTTP/1.1" 200 10435
INFO 2019-12-21 09:21:26,714 basehttp 124 "GET /static/assets/images/banner.png HTTP/1.1" 200 2295905
INFO 2019-12-21 09:21:26,752 basehttp 124 "GET /static/assets/images/icon/loveFamily.ico HTTP/1.1" 200 1150
INFO 2019-12-21 09:21:31,673 basehttp 124 "GET /goods/search/?keyword=C HTTP/1.1" 200 3400
INFO 2019-12-21 09:21:41,306 basehttp 124 "GET /goods/search/?keyword=COOKIE HTTP/1.1" 200 3400
INFO 2019-12-21 09:21:48,333 basehttp 124 "GET /goods/search/?keyword=cookie HTTP/1.1" 200 3923
INFO 2019-12-21 09:31:29,536 basehttp 124 "GET /index/ HTTP/1.1" 200 4713
INFO 2019-12-21 09:31:31,859 basehttp 124 "GET /orders/address/ HTTP/1.1" 200 5425
INFO 2019-12-21 09:31:31,900 basehttp 124 "GET /static/assets/javascript/page/myOrder.js HTTP/1.1" 200 3809
INFO 2019-12-21 09:31:31,902 basehttp 124 "GET /static/assets/css/page/myOrder.css HTTP/1.1" 200 21462
INFO 2019-12-21 09:32:00,296 basehttp 124 "GET /orders/address/ HTTP/1.1" 200 5425
INFO 2019-12-21 09:32:00,329 basehttp 124 "GET /static/assets/javascript/page/myOrder.js HTTP/1.1" 304 0
INFO 2019-12-21 09:32:10,344 basehttp 124 "POST /api/orders/ HTTP/1.1" 200 64
INFO 2019-12-21 09:32:34,844 basehttp 124 "GET /orders/address/ HTTP/1.1" 200 5425
INFO 2019-12-21 09:32:34,888 basehttp 124 "GET /static/assets/javascript/page/myOrder.js HTTP/1.1" 304 0
INFO 2019-12-21 09:33:06,589 basehttp 124 "GET /orders/address/ HTTP/1.1" 200 5425
INFO 2019-12-21 09:33:06,628 basehttp 124 "GET /static/assets/javascript/page/myOrder.js HTTP/1.1" 304 0
INFO 2019-12-21 09:33:16,883 basehttp 124 "GET /orders/address/ HTTP/1.1" 200 5425
INFO 2019-12-21 09:33:16,919 basehttp 124 "GET /static/assets/javascript/page/myOrder.js HTTP/1.1" 304 0
INFO 2019-12-21 09:33:29,574 basehttp 124 "GET /goods/3/ HTTP/1.1" 200 4790
INFO 2019-12-21 09:33:31,543 basehttp 124 "POST /api/carts/ HTTP/1.1" 200 76
INFO 2019-12-21 09:33:33,632 basehttp 124 "GET /orders/address/ HTTP/1.1" 200 6070
INFO 2019-12-21 09:33:33,674 basehttp 124 "GET /static/assets/javascript/page/myOrder.js HTTP/1.1" 304 0
INFO 2019-12-21 09:33:56,278 basehttp 124 "GET /orders/address/ HTTP/1.1" 200 6070
INFO 2019-12-21 09:33:56,307 basehttp 124 "GET /static/assets/javascript/page/myOrder.js HTTP/1.1" 304 0
INFO 2019-12-21 09:34:10,404 basehttp 124 "GET /goods/search/?keyword=cookie HTTP/1.1" 200 3923
INFO 2019-12-21 11:51:14,041 basehttp 124 "POST /api/carts/123456789/pay HTTP/1.1" 200 44
INFO 2019-12-21 12:00:36,953 basehttp 124 "GET /index/ HTTP/1.1" 200 4702
INFO 2019-12-21 12:00:36,987 basehttp 124 "GET /static/assets/css/page/index.css HTTP/1.1" 200 17134
INFO 2019-12-21 12:00:36,992 basehttp 124 "GET /static/assets/images/icon.png HTTP/1.1" 200 7011
INFO 2019-12-21 12:00:37,002 basehttp 124 "GET /static/assets/javascript/common/base.js HTTP/1.1" 200 2125
INFO 2019-12-21 12:00:37,002 basehttp 124 "GET /static/assets/javascript/common/header.js HTTP/1.1" 200 2668
INFO 2019-12-21 12:00:37,026 basehttp 124 "GET /static/assets/javascript/libs/jquery-1.9.1.js HTTP/1.1" 200 128159
INFO 2019-12-21 12:00:37,027 basehttp 124 "GET /static/assets/javascript/page/index.js HTTP/1.1" 200 3032
INFO 2019-12-21 12:00:37,031 basehttp 124 "GET /media/1.jpg HTTP/1.1" 200 11259
INFO 2019-12-21 12:00:37,037 basehttp 124 "GET /media/3.jpg HTTP/1.1" 200 10435
INFO 2019-12-21 12:00:37,212 basehttp 124 "GET /static/assets/images/banner.png HTTP/1.1" 200 2295905
INFO 2019-12-21 12:00:37,238 basehttp 124 "GET /static/assets/images/icon/loveFamily.ico HTTP/1.1" 200 1150
ERROR 2019-12-21 12:00:38,832 exception 135 Internal Server Error: /goods/1/
Traceback (most recent call last):
  File "F:\Env\django_env\lib\site-packages\django\core\handlers\exception.py", line 41, in inner
    response = get_response(request)
  File "F:\Env\django_env\lib\site-packages\django\core\handlers\base.py", line 187, in _get_response
    response = self.process_exception_by_middleware(e, request)
  File "F:\Env\django_env\lib\site-packages\django\core\handlers\base.py", line 185, in _get_response
    response = wrapped_callback(request, *callback_args, **callback_kwargs)
  File "F:\Env\django_env\lib\site-packages\django\views\generic\base.py", line 68, in view
    return self.dispatch(request, *args, **kwargs)
  File "F:\Env\django_env\lib\site-packages\django\views\generic\base.py", line 88, in dispatch
    return handler(request, *args, **kwargs)
  File "C:\Users\Administrator\Desktop\lf-django\online\goods\views.py", line 261, in get
    "sale":single_goods.sale,
AttributeError: 'Goods' object has no attribute 'sale'
ERROR 2019-12-21 12:00:38,936 basehttp 124 "GET /goods/1/ HTTP/1.1" 500 81002
WARNING 2019-12-21 12:00:39,157 base 152 Not Found: /favicon.ico
WARNING 2019-12-21 12:00:39,158 basehttp 124 "GET /favicon.ico HTTP/1.1" 404 6402
ERROR 2019-12-21 12:02:08,102 exception 135 Internal Server Error: /goods/1/
Traceback (most recent call last):
  File "F:\Env\django_env\lib\site-packages\django\core\handlers\exception.py", line 41, in inner
    response = get_response(request)
  File "F:\Env\django_env\lib\site-packages\django\core\handlers\base.py", line 187, in _get_response
    response = self.process_exception_by_middleware(e, request)
  File "F:\Env\django_env\lib\site-packages\django\core\handlers\base.py", line 185, in _get_response
    response = wrapped_callback(request, *callback_args, **callback_kwargs)
  File "F:\Env\django_env\lib\site-packages\django\views\generic\base.py", line 68, in view
    return self.dispatch(request, *args, **kwargs)
  File "F:\Env\django_env\lib\site-packages\django\views\generic\base.py", line 88, in dispatch
    return handler(request, *args, **kwargs)
  File "C:\Users\Administrator\Desktop\lf-django\online\goods\views.py", line 261, in get
    "sale":single_goods.acutal_sale + single_goods.virtual_sale,
AttributeError: 'Goods' object has no attribute 'acutal_sale'
ERROR 2019-12-21 12:02:08,168 basehttp 124 "GET /goods/1/ HTTP/1.1" 500 81084
WARNING 2019-12-21 12:02:08,482 base 152 Not Found: /favicon.ico
WARNING 2019-12-21 12:02:08,486 basehttp 124 "GET /favicon.ico HTTP/1.1" 404 6402
ERROR 2019-12-21 12:03:03,464 exception 135 Internal Server Error: /goods/1/
Traceback (most recent call last):
  File "F:\Env\django_env\lib\site-packages\django\core\handlers\exception.py", line 41, in inner
    response = get_response(request)
  File "F:\Env\django_env\lib\site-packages\django\core\handlers\base.py", line 187, in _get_response
    response = self.process_exception_by_middleware(e, request)
  File "F:\Env\django_env\lib\site-packages\django\core\handlers\base.py", line 185, in _get_response
    response = wrapped_callback(request, *callback_args, **callback_kwargs)
  File "F:\Env\django_env\lib\site-packages\django\views\generic\base.py", line 68, in view
    return self.dispatch(request, *args, **kwargs)
  File "F:\Env\django_env\lib\site-packages\django\views\generic\base.py", line 88, in dispatch
    return handler(request, *args, **kwargs)
  File "C:\Users\Administrator\Desktop\lf-django\online\goods\views.py", line 261, in get
    "sale":single_goods.actual_sale + single_goods.virtual_sale,
TypeError: unsupported operand type(s) for +: 'int' and 'NoneType'
ERROR 2019-12-21 12:03:03,510 basehttp 124 "GET /goods/1/ HTTP/1.1" 500 81220
WARNING 2019-12-21 12:03:03,639 base 152 Not Found: /favicon.ico
WARNING 2019-12-21 12:03:03,640 basehttp 124 "GET /favicon.ico HTTP/1.1" 404 6402
ERROR 2019-12-21 12:03:03,701 exception 135 Internal Server Error: /goods/1/
Traceback (most recent call last):
  File "F:\Env\django_env\lib\site-packages\django\core\handlers\exception.py", line 41, in inner
    response = get_response(request)
  File "F:\Env\django_env\lib\site-packages\django\core\handlers\base.py", line 187, in _get_response
    response = self.process_exception_by_middleware(e, request)
  File "F:\Env\django_env\lib\site-packages\django\core\handlers\base.py", line 185, in _get_response
    response = wrapped_callback(request, *callback_args, **callback_kwargs)
  File "F:\Env\django_env\lib\site-packages\django\views\generic\base.py", line 68, in view
    return self.dispatch(request, *args, **kwargs)
  File "F:\Env\django_env\lib\site-packages\django\views\generic\base.py", line 88, in dispatch
    return handler(request, *args, **kwargs)
  File "C:\Users\Administrator\Desktop\lf-django\online\goods\views.py", line 261, in get
    "sale":single_goods.actual_sale + single_goods.virtual_sale,
TypeError: unsupported operand type(s) for +: 'int' and 'NoneType'
ERROR 2019-12-21 12:03:03,737 basehttp 124 "GET /goods/1/ HTTP/1.1" 500 81220
WARNING 2019-12-21 12:03:03,836 base 152 Not Found: /favicon.ico
WARNING 2019-12-21 12:03:03,839 basehttp 124 "GET /favicon.ico HTTP/1.1" 404 6402
ERROR 2019-12-21 12:03:04,741 exception 135 Internal Server Error: /goods/1/
Traceback (most recent call last):
  File "F:\Env\django_env\lib\site-packages\django\core\handlers\exception.py", line 41, in inner
    response = get_response(request)
  File "F:\Env\django_env\lib\site-packages\django\core\handlers\base.py", line 187, in _get_response
    response = self.process_exception_by_middleware(e, request)
  File "F:\Env\django_env\lib\site-packages\django\core\handlers\base.py", line 185, in _get_response
    response = wrapped_callback(request, *callback_args, **callback_kwargs)
  File "F:\Env\django_env\lib\site-packages\django\views\generic\base.py", line 68, in view
    return self.dispatch(request, *args, **kwargs)
  File "F:\Env\django_env\lib\site-packages\django\views\generic\base.py", line 88, in dispatch
    return handler(request, *args, **kwargs)
  File "C:\Users\Administrator\Desktop\lf-django\online\goods\views.py", line 261, in get
    "sale":single_goods.actual_sale + single_goods.virtual_sale,
TypeError: unsupported operand type(s) for +: 'int' and 'NoneType'
ERROR 2019-12-21 12:03:04,786 basehttp 124 "GET /goods/1/ HTTP/1.1" 500 81220
WARNING 2019-12-21 12:03:04,884 base 152 Not Found: /favicon.ico
WARNING 2019-12-21 12:03:04,889 basehttp 124 "GET /favicon.ico HTTP/1.1" 404 6402
ERROR 2019-12-21 12:04:15,386 exception 135 Internal Server Error: /goods/1/
Traceback (most recent call last):
  File "F:\Env\django_env\lib\site-packages\django\core\handlers\exception.py", line 41, in inner
    response = get_response(request)
  File "F:\Env\django_env\lib\site-packages\django\core\handlers\base.py", line 187, in _get_response
    response = self.process_exception_by_middleware(e, request)
  File "F:\Env\django_env\lib\site-packages\django\core\handlers\base.py", line 185, in _get_response
    response = wrapped_callback(request, *callback_args, **callback_kwargs)
  File "F:\Env\django_env\lib\site-packages\django\views\generic\base.py", line 68, in view
    return self.dispatch(request, *args, **kwargs)
  File "F:\Env\django_env\lib\site-packages\django\views\generic\base.py", line 88, in dispatch
    return handler(request, *args, **kwargs)
  File "C:\Users\Administrator\Desktop\lf-django\online\goods\views.py", line 261, in get
    "sale":single_goods.actual_sale + single_goods.virtual_sale,
TypeError: unsupported operand type(s) for +: 'int' and 'NoneType'
ERROR 2019-12-21 12:04:15,440 basehttp 124 "GET /goods/1/ HTTP/1.1" 500 81094
ERROR 2019-12-21 12:04:15,446 exception 135 Internal Server Error: /goods/1/
Traceback (most recent call last):
  File "F:\Env\django_env\lib\site-packages\django\core\handlers\exception.py", line 41, in inner
    response = get_response(request)
  File "F:\Env\django_env\lib\site-packages\django\core\handlers\base.py", line 187, in _get_response
    response = self.process_exception_by_middleware(e, request)
  File "F:\Env\django_env\lib\site-packages\django\core\handlers\base.py", line 185, in _get_response
    response = wrapped_callback(request, *callback_args, **callback_kwargs)
  File "F:\Env\django_env\lib\site-packages\django\views\generic\base.py", line 68, in view
    return self.dispatch(request, *args, **kwargs)
  File "F:\Env\django_env\lib\site-packages\django\views\generic\base.py", line 88, in dispatch
    return handler(request, *args, **kwargs)
  File "C:\Users\Administrator\Desktop\lf-django\online\goods\views.py", line 261, in get
    "sale":single_goods.actual_sale + single_goods.virtual_sale,
TypeError: unsupported operand type(s) for +: 'int' and 'NoneType'
ERROR 2019-12-21 12:04:15,490 basehttp 124 "GET /goods/1/ HTTP/1.1" 500 81220
ERROR 2019-12-21 12:04:15,629 basehttp 124 "GET /goods/1/ HTTP/1.1" 500 59
WARNING 2019-12-21 12:04:15,764 base 152 Not Found: /favicon.ico
WARNING 2019-12-21 12:04:15,767 basehttp 124 "GET /favicon.ico HTTP/1.1" 404 6402
INFO 2019-12-21 12:04:46,553 basehttp 124 "GET /index/ HTTP/1.1" 200 4702
INFO 2019-12-21 12:04:49,972 basehttp 124 "GET /api/goods/hot/?current=2 HTTP/1.1" 200 630
ERROR 2019-12-21 12:04:52,019 exception 135 Internal Server Error: /goods/2/
Traceback (most recent call last):
  File "F:\Env\django_env\lib\site-packages\django\core\handlers\exception.py", line 41, in inner
    response = get_response(request)
  File "F:\Env\django_env\lib\site-packages\django\core\handlers\base.py", line 187, in _get_response
    response = self.process_exception_by_middleware(e, request)
  File "F:\Env\django_env\lib\site-packages\django\core\handlers\base.py", line 185, in _get_response
    response = wrapped_callback(request, *callback_args, **callback_kwargs)
  File "F:\Env\django_env\lib\site-packages\django\views\generic\base.py", line 68, in view
    return self.dispatch(request, *args, **kwargs)
  File "F:\Env\django_env\lib\site-packages\django\views\generic\base.py", line 88, in dispatch
    return handler(request, *args, **kwargs)
  File "C:\Users\Administrator\Desktop\lf-django\online\goods\views.py", line 261, in get
    "sale":single_goods.actual_sale + single_goods.virtual_sale,
TypeError: unsupported operand type(s) for +: 'int' and 'NoneType'
ERROR 2019-12-21 12:04:52,068 basehttp 124 "GET /goods/2/ HTTP/1.1" 500 81110
INFO 2019-12-21 12:05:26,567 basehttp 124 "GET /goods/2/ HTTP/1.1" 200 4790
INFO 2019-12-21 12:05:26,610 basehttp 124 "GET /static/assets/images/icon.png HTTP/1.1" 200 7011
INFO 2019-12-21 12:05:26,613 basehttp 124 "GET /static/assets/css/page/detail.css HTTP/1.1" 200 22522
INFO 2019-12-21 12:05:26,619 basehttp 124 "GET /static/assets/javascript/common/base.js HTTP/1.1" 200 2125
INFO 2019-12-21 12:05:26,620 basehttp 124 "GET /static/assets/javascript/common/header.js HTTP/1.1" 200 2668
INFO 2019-12-21 12:05:26,625 basehttp 124 "GET /static/assets/javascript/libs/jquery-1.9.1.js HTTP/1.1" 200 128159
INFO 2019-12-21 12:05:26,629 basehttp 124 "GET /static/assets/javascript/page/detail.js HTTP/1.1" 200 2502
INFO 2019-12-21 12:05:26,729 basehttp 124 "GET /media/3.jpg HTTP/1.1" 200 10435
INFO 2019-12-21 12:05:26,760 basehttp 124 "GET /goods/2/ HTTP/1.1" 200 4790
INFO 2019-12-21 12:05:26,796 basehttp 124 "GET /static/assets/css/page/detail.css HTTP/1.1" 200 22522
INFO 2019-12-21 12:05:26,797 basehttp 124 "GET /static/assets/images/icon.png HTTP/1.1" 200 7011
INFO 2019-12-21 12:05:26,802 basehttp 124 "GET /media/3.jpg HTTP/1.1" 200 10435
INFO 2019-12-21 12:05:26,810 basehttp 124 "GET /static/assets/javascript/common/base.js HTTP/1.1" 200 2125
INFO 2019-12-21 12:05:26,810 basehttp 124 "GET /static/assets/javascript/common/header.js HTTP/1.1" 200 2668
INFO 2019-12-21 12:05:26,819 basehttp 124 "GET /static/assets/javascript/page/detail.js HTTP/1.1" 200 2502
INFO 2019-12-21 12:05:26,843 basehttp 124 "GET /static/assets/javascript/libs/jquery-1.9.1.js HTTP/1.1" 200 128159
