ERROR 2019-12-24 17:34:25,069 views 140 Cannot resolve keyword 'date' into field. Choices are: address, address_id, id, order_date, order_goods, order_no, status, total, user, user_id
ERROR 2019-12-24 17:39:25,680 views 140 Cannot resolve keyword 'date' into field. Choices are: address, address_id, id, order_date, order_goods, order_no, status, total, user, user_id
ERROR 2019-12-24 17:40:11,670 views 140 Cannot resolve keyword 'date' into field. Choices are: address, address_id, id, order_date, order_goods, order_no, status, total, user, user_id
ERROR 2019-12-25 11:11:19,017 views 190 list index out of range
ERROR 2019-12-25 11:11:56,976 views 190 list index out of range
ERROR 2019-12-25 15:46:26,497 views 225 dictionary update sequence element #0 has length 1; 2 is required
ERROR 2019-12-25 15:48:41,242 views 226 the JSON object must be str, bytes or bytearray, not dict
ERROR 2019-12-25 15:50:34,204 views 227 'NoneType' object is not iterable
ERROR 2019-12-25 15:51:17,845 views 227 'NoneType' object is not iterable
ERROR 2019-12-25 15:53:15,025 views 216 User matching query does not exist.
ERROR 2019-12-25 17:26:40,039 views 128 'list' object has no attribute 'update'
ERROR 2019-12-25 17:29:19,143 views 191 list index out of range
ERROR 2019-12-25 18:13:21,566 views 191 list index out of range
ERROR 2019-12-25 18:16:18,551 views 191 list index out of range
ERROR 2019-12-26 16:21:03,410 views 111 invalid literal for int() with base 10: ''
ERROR 2019-12-26 16:21:26,793 views 111 invalid literal for int() with base 10: ''
ERROR 2019-12-26 16:22:06,570 views 111 invalid literal for int() with base 10: ''
ERROR 2019-12-26 16:23:25,878 views 111 invalid literal for int() with base 10: ''
ERROR 2019-12-26 16:26:43,411 views 111 invalid literal for int() with base 10: ''
ERROR 2019-12-26 16:33:20,494 views 111 invalid literal for int() with base 10: ''
ERROR 2019-12-26 16:33:39,258 views 111 invalid literal for int() with base 10: ''
ERROR 2019-12-26 16:34:06,922 views 111 invalid literal for int() with base 10: ''
ERROR 2019-12-26 16:34:11,372 views 111 invalid literal for int() with base 10: ''
ERROR 2019-12-26 16:34:14,568 views 111 invalid literal for int() with base 10: ''
ERROR 2019-12-26 16:34:30,390 views 111 invalid literal for int() with base 10: ''
ERROR 2019-12-26 16:34:45,798 views 111 invalid literal for int() with base 10: ''
ERROR 2019-12-26 16:41:27,707 views 111 invalid literal for int() with base 10: ''
ERROR 2019-12-26 16:42:34,267 views 111 ['’2019-12-26T08:42:09.329Z‘ 必须为合法的日期格式，请使用 YYYY-MM-DD 格式。']
ERROR 2019-12-26 16:52:04,439 views 111 ['’2019-12-26T08:50:48.832Z‘ 必须为合法的日期格式，请使用 YYYY-MM-DD 格式。']
ERROR 2019-12-26 16:52:04,443 views 111 ['’2019-12-26T08:51:04.694Z‘ 必须为合法的日期格式，请使用 YYYY-MM-DD 格式。']
ERROR 2019-12-26 16:52:38,539 views 111 ['’2019-12-26T08:50:48.832Z‘ 必须为合法的日期格式，请使用 YYYY-MM-DD 格式。']
ERROR 2019-12-26 16:53:44,299 views 111 ['’2019-12-25T08:51:04.000Z‘ 必须为合法的日期格式，请使用 YYYY-MM-DD 格式。']
ERROR 2019-12-26 16:54:03,820 views 111 ['’2019-12-25T08:51:04.000Z‘ 必须为合法的日期格式，请使用 YYYY-MM-DD 格式。']
ERROR 2019-12-26 16:59:12,667 views 111 ['’2019-12-25T08:51:04.000Z‘ 必须为合法的日期格式，请使用 YYYY-MM-DD 格式。']
ERROR 2019-12-26 16:59:48,823 views 112 ['’2019-12-26T08:59:21.266Z‘ 必须为合法的日期格式，请使用 YYYY-MM-DD 格式。']
ERROR 2019-12-26 17:03:27,774 views 113 ['’2019-12-26T08:59:21.266Z‘ 必须为合法的日期格式，请使用 YYYY-MM-DD 格式。']
ERROR 2019-12-26 17:03:45,155 views 113 ['’2019-12-27 16:59‘ 必须为合法的日期格式，请使用 YYYY-MM-DD 格式。']
ERROR 2019-12-26 17:04:35,744 views 113 ['’2019-12-26T09:04:04.660Z‘ 必须为合法的日期格式，请使用 YYYY-MM-DD 格式。']
ERROR 2019-12-26 17:06:25,673 views 113 ['’2019-12-26 17:06:25‘ 必须为合法的日期格式，请使用 YYYY-MM-DD 格式。']
ERROR 2019-12-26 17:06:38,951 views 113 ['’2019-12-19 00:00:00‘ 必须为合法的日期格式，请使用 YYYY-MM-DD 格式。']
ERROR 2019-12-26 17:06:54,287 views 113 ['’2019-12-26 17:06:49‘ 必须为合法的日期格式，请使用 YYYY-MM-DD 格式。']
ERROR 2019-12-26 17:08:08,605 views 113 ['’2019-12-26 17:06:59‘ 必须为合法的日期格式，请使用 YYYY-MM-DD 格式。']
ERROR 2019-12-26 17:13:31,214 views 114 (1048, "Column 'actual_sale' cannot be null")
ERROR 2019-12-26 17:15:06,976 views 114 (1048, "Column 'category_id' cannot be null")
ERROR 2019-12-26 17:22:06,478 views 115 (1364, "Field 'image' doesn't have a default value")
ERROR 2019-12-26 17:22:08,901 views 115 (1364, "Field 'image' doesn't have a default value")
ERROR 2019-12-26 17:23:13,784 views 115 (1364, "Field 'image' doesn't have a default value")
ERROR 2019-12-26 17:24:01,536 views 115 (1364, "Field 'image' doesn't have a default value")
ERROR 2019-12-26 17:24:34,353 views 115 (1364, "Field 'image' doesn't have a default value")
ERROR 2019-12-26 17:25:08,401 views 115 (1364, "Field 'image' doesn't have a default value")
ERROR 2019-12-26 17:25:46,680 views 115 (1364, "Field 'image' doesn't have a default value")
ERROR 2019-12-26 17:36:15,648 views 115 (1364, "Field 'image' doesn't have a default value")
ERROR 2019-12-26 18:07:44,062 views 330 'QuerySet' object has no attribute 'name'
ERROR 2019-12-26 18:08:43,092 views 330 object of type 'Category' has no len()
ERROR 2019-12-28 10:57:15,052 views 88 local variable 'res' referenced before assignment
ERROR 2019-12-28 10:58:07,719 views 88 local variable 'res' referenced before assignment
ERROR 2019-12-28 11:01:03,654 views 87 local variable 'res' referenced before assignment
ERROR 2019-12-28 11:02:27,023 views 87 local variable 'res' referenced before assignment
ERROR 2019-12-28 11:02:53,832 views 87 local variable 'res' referenced before assignment
ERROR 2019-12-28 12:12:38,657 views 212 invalid literal for int() with base 10: '{}'
ERROR 2019-12-28 12:13:34,358 views 213 invalid literal for int() with base 10: '{}'
ERROR 2019-12-28 12:17:24,160 views 216 invalid literal for int() with base 10: '{}'
ERROR 2019-12-28 12:17:33,889 views 216 invalid literal for int() with base 10: '{}'
ERROR 2019-12-28 12:17:48,148 views 216 invalid literal for int() with base 10: '{}'
ERROR 2019-12-28 12:18:11,960 views 216 invalid literal for int() with base 10: '{}'
ERROR 2019-12-28 12:19:31,200 views 216 invalid literal for int() with base 10: '{}'
ERROR 2019-12-28 12:20:48,219 views 216 invalid literal for int() with base 10: '{}'
ERROR 2019-12-28 12:22:50,078 views 217 invalid literal for int() with base 10: '{}'
ERROR 2019-12-28 12:31:23,651 views 217 invalid literal for int() with base 10: '{}'
ERROR 2019-12-28 12:32:08,021 views 217 invalid literal for int() with base 10: '{}'
ERROR 2019-12-28 12:33:39,173 views 217 invalid literal for int() with base 10: '{}'
ERROR 2019-12-30 09:36:09,407 views 170 'dict' object has no attribute 'status'
ERROR 2019-12-30 09:36:21,533 views 170 'dict' object has no attribute 'status'
ERROR 2019-12-30 09:37:06,113 views 170 'dict' object has no attribute 'status'
ERROR 2019-12-30 09:37:13,681 views 170 'dict' object has no attribute 'status'
ERROR 2019-12-30 09:37:45,856 views 170 'dict' object has no attribute 'status'
ERROR 2019-12-30 10:11:40,404 views 197 (1048, "Column 'origin_price' cannot be null")
ERROR 2019-12-30 10:11:46,228 views 197 (1048, "Column 'origin_price' cannot be null")
ERROR 2019-12-30 10:11:55,094 views 197 (1048, "Column 'origin_price' cannot be null")
ERROR 2019-12-30 10:12:07,352 views 197 (1048, "Column 'origin_price' cannot be null")
ERROR 2019-12-30 10:12:39,328 views 197 invalid literal for int() with base 10: ''
ERROR 2019-12-30 10:14:31,773 views 197 (1048, "Column 'origin_price' cannot be null")
ERROR 2019-12-30 10:39:37,356 views 180 list index out of range
ERROR 2019-12-30 10:39:51,042 views 180 list index out of range
ERROR 2019-12-30 10:47:44,383 views 182 [Errno 2] No such file or directory: 'static/upload/QQ图片20190823090441.jpg.jpg'
ERROR 2019-12-30 14:51:55,504 views 197 'dict' object has no attribute 'name'
ERROR 2019-12-30 14:53:33,595 views 197 'Image' object is not subscriptable
ERROR 2019-12-30 14:53:40,070 views 197 'Image' object is not subscriptable
ERROR 2019-12-30 14:54:21,007 views 197 'Image' object is not subscriptable
ERROR 2019-12-30 14:55:14,736 views 197 'Image' object is not subscriptable
ERROR 2019-12-30 15:00:14,772 views 199 'dict' object has no attribute 'url'
ERROR 2019-12-30 15:00:45,604 views 199 'dict' object has no attribute 'url'
ERROR 2019-12-30 15:01:21,644 views 199 'dict' object has no attribute 'url'
ERROR 2019-12-30 15:24:29,785 views 202 get() returned more than one Image -- it returned 2!
ERROR 2019-12-30 15:25:00,393 views 202 get() returned more than one Image -- it returned 2!
ERROR 2019-12-30 15:25:28,513 views 202 get() returned more than one Image -- it returned 2!
ERROR 2019-12-30 15:25:33,434 views 202 get() returned more than one Image -- it returned 2!
ERROR 2019-12-30 15:32:05,081 views 202 get() returned more than one Image -- it returned 2!
ERROR 2019-12-30 15:32:14,964 views 202 get() returned more than one Image -- it returned 2!
ERROR 2019-12-30 15:43:06,871 views 204 unsupported operand type(s) for +: 'int' and 'str'
ERROR 2019-12-30 15:51:49,282 views 358 'Category' object has no attribute 'update'
ERROR 2019-12-30 15:52:03,236 views 358 'Category' object has no attribute 'update'
ERROR 2019-12-30 16:57:16,027 views 121 (1406, "Data too long for column 'description_en' at row 1")
ERROR 2019-12-30 16:58:32,259 views 121 'dict' object has no attribute 'status'
ERROR 2019-12-30 17:13:28,257 views 57 The QuerySet value for an exact lookup must be limited to one result using slicing.
ERROR 2019-12-30 17:13:34,687 views 57 The QuerySet value for an exact lookup must be limited to one result using slicing.
ERROR 2019-12-30 17:39:28,452 views 262 (1054, "Unknown column 'Goods.super_category_id' in 'field list'")
ERROR 2019-12-30 18:17:27,459 views 57 Cannot resolve keyword 'super_category' into field. Choices are: actual_sale, added_time, cart, category, category_id, description_ch, description_en, detail_ch, detail_en, id, images, is_hot, is_new, name_ch, name_en, on_price, on_sale, origin_price, stock, super_category_id, virtual_sale
ERROR 2019-12-30 18:24:04,983 views 56 Cannot resolve keyword 'status' into field. Choices are: actual_sale, added_time, cart, category, category_id, description_ch, description_en, detail_ch, detail_en, id, images, is_hot, is_new, name_ch, name_en, on_price, on_sale, origin_price, stock, super_category_id, virtual_sale
ERROR 2019-12-30 18:24:11,473 views 56 Cannot resolve keyword 'status' into field. Choices are: actual_sale, added_time, cart, category, category_id, description_ch, description_en, detail_ch, detail_en, id, images, is_hot, is_new, name_ch, name_en, on_price, on_sale, origin_price, stock, super_category_id, virtual_sale
ERROR 2019-12-30 18:24:36,914 views 56 Cannot resolve keyword 'status' into field. Choices are: actual_sale, added_time, cart, category, category_id, description_ch, description_en, detail_ch, detail_en, id, images, is_hot, is_new, name_ch, name_en, on_price, on_sale, origin_price, stock, super_category_id, virtual_sale
ERROR 2019-12-30 18:25:11,694 views 56 ['’true‘ 必须为 True 或者 False。']
